[06-04-2024 14:34:58] PayPal\Core\PayPalHttpConnection : INFO: POST https://api.sandbox.paypal.com/v1/oauth2/token
[06-04-2024 14:35:00] PayPal\Core\PayPalHttpConnection : DEBUG: Request Headers 	: POST /v1/oauth2/token HTTP/2, Host: api.sandbox.paypal.com, user-agent: PayPalSDK/PayPal-PHP-SDK 1.14.0 (platform-ver=8.2.4; bit=64; os=Windows_NT_10.0; machine=AMD64; crypto-lib-ver=3.0.8; curl=7.85.0), authorization: Basic QWRtaUJmSzVWanhFbW9xcER2aUZHUFdNbmJSbDJFQkJ2RENDb1AweXJuXzY1UFBXRGNxOEZMV0U5QVlfMUVfM3pILVc3bk9HSkhoMC13dDM6QWRtaUJmSzVWanhFbW9xcER2aUZHUFdNbmJSbDJFQkJ2RENDb1AweXJuXzY1UFBXRGNxOEZMV0U5QVlfMUVfM3pILVc3bk9HSkhoMC13dDM=, accept: */*, content-length: 29, content-type: application/x-www-form-urlencoded, , 
[06-04-2024 14:35:00] PayPal\Core\PayPalHttpConnection : DEBUG: Request Data		: grant_type=client_credentials
--------------------------------------------------------------------------------------------------------------------------------

[06-04-2024 14:35:00] PayPal\Core\PayPalHttpConnection : INFO: Response Status 	: 401
[06-04-2024 14:35:00] PayPal\Core\PayPalHttpConnection : DEBUG: Response Headers	: content-type: application/json, content-length: 77, date: Sat, 06 Apr 2024 12:34:59 GMT, access-control-expose-headers: Server-Timing, cache-control: max-age=0, no-cache, no-store, must-revalidate, paypal-debug-id: 0e8173ac87054, pragma: no-cache, server-timing: traceparent;desc="00-00000000000000000000e8173ac87054-09a23d1ce03075c4-01", vary: Accept-Encoding, x-paypal-token-service: IAAS, strict-transport-security: max-age=31536000; includeSubDomains, 
[06-04-2024 14:35:00] PayPal\Core\PayPalHttpConnection : ERROR: Got Http response code 401 when accessing https://api.sandbox.paypal.com/v1/oauth2/token. {"error":"invalid_client","error_description":"Client Authentication failed"}
[06-04-2024 14:35:00] PayPal\Core\PayPalHttpConnection : DEBUG: 

================================================================================================================================

[06-04-2024 14:35:30] PayPal\Core\PayPalHttpConnection : INFO: POST https://api.sandbox.paypal.com/v1/oauth2/token
[06-04-2024 14:35:31] PayPal\Core\PayPalHttpConnection : DEBUG: Request Headers 	: POST /v1/oauth2/token HTTP/2, Host: api.sandbox.paypal.com, user-agent: PayPalSDK/PayPal-PHP-SDK 1.14.0 (platform-ver=8.2.4; bit=64; os=Windows_NT_10.0; machine=AMD64; crypto-lib-ver=3.0.8; curl=7.85.0), authorization: Basic QWRtaUJmSzVWanhFbW9xcER2aUZHUFdNbmJSbDJFQkJ2RENDb1AweXJuXzY1UFBXRGNxOEZMV0U5QVlfMUVfM3pILVc3bk9HSkhoMC13dDM6QWRtaUJmSzVWanhFbW9xcER2aUZHUFdNbmJSbDJFQkJ2RENDb1AweXJuXzY1UFBXRGNxOEZMV0U5QVlfMUVfM3pILVc3bk9HSkhoMC13dDM=, accept: */*, content-length: 29, content-type: application/x-www-form-urlencoded, , 
[06-04-2024 14:35:31] PayPal\Core\PayPalHttpConnection : DEBUG: Request Data		: grant_type=client_credentials
--------------------------------------------------------------------------------------------------------------------------------

[06-04-2024 14:35:31] PayPal\Core\PayPalHttpConnection : INFO: Response Status 	: 401
[06-04-2024 14:35:31] PayPal\Core\PayPalHttpConnection : DEBUG: Response Headers	: content-type: application/json, content-length: 77, date: Sat, 06 Apr 2024 12:35:31 GMT, access-control-expose-headers: Server-Timing, cache-control: max-age=0, no-cache, no-store, must-revalidate, paypal-debug-id: cc398e3340d8e, pragma: no-cache, server-timing: traceparent;desc="00-0000000000000000000cc398e3340d8e-ec104b157be832a1-01", vary: Accept-Encoding, x-paypal-token-service: IAAS, strict-transport-security: max-age=31536000; includeSubDomains, 
[06-04-2024 14:35:31] PayPal\Core\PayPalHttpConnection : ERROR: Got Http response code 401 when accessing https://api.sandbox.paypal.com/v1/oauth2/token. {"error":"invalid_client","error_description":"Client Authentication failed"}
[06-04-2024 14:35:31] PayPal\Core\PayPalHttpConnection : DEBUG: 

================================================================================================================================

[06-04-2024 14:37:10] PayPal\Core\PayPalHttpConnection : INFO: POST https://api.sandbox.paypal.com/v1/oauth2/token
[06-04-2024 14:37:11] PayPal\Core\PayPalHttpConnection : DEBUG: Request Headers 	: POST /v1/oauth2/token HTTP/2, Host: api.sandbox.paypal.com, user-agent: PayPalSDK/PayPal-PHP-SDK 1.14.0 (platform-ver=8.2.4; bit=64; os=Windows_NT_10.0; machine=AMD64; crypto-lib-ver=3.0.8; curl=7.85.0), authorization: Basic QWFYMlBxVXZ3QkRtcmM5SU9kRUczTzRubHRRa2tUcTN4dDBNOGZSX3JGaXJsUFZudEFUUnFrNzQ4Q19UdG00eWNsTE5SSjZ1LWUzMzVMOFE6QWFYMlBxVXZ3QkRtcmM5SU9kRUczTzRubHRRa2tUcTN4dDBNOGZSX3JGaXJsUFZudEFUUnFrNzQ4Q19UdG00eWNsTE5SSjZ1LWUzMzVMOFE=, accept: */*, content-length: 29, content-type: application/x-www-form-urlencoded, , 
[06-04-2024 14:37:11] PayPal\Core\PayPalHttpConnection : DEBUG: Request Data		: grant_type=client_credentials
--------------------------------------------------------------------------------------------------------------------------------

[06-04-2024 14:37:11] PayPal\Core\PayPalHttpConnection : INFO: Response Status 	: 401
[06-04-2024 14:37:11] PayPal\Core\PayPalHttpConnection : DEBUG: Response Headers	: content-type: application/json, content-length: 77, date: Sat, 06 Apr 2024 12:37:11 GMT, access-control-expose-headers: Server-Timing, cache-control: max-age=0, no-cache, no-store, must-revalidate, paypal-debug-id: 8a92747918ccc, pragma: no-cache, server-timing: traceparent;desc="00-00000000000000000008a92747918ccc-92b23860d5f67055-01", vary: Accept-Encoding, x-paypal-token-service: IAAS, strict-transport-security: max-age=31536000; includeSubDomains, 
[06-04-2024 14:37:11] PayPal\Core\PayPalHttpConnection : ERROR: Got Http response code 401 when accessing https://api.sandbox.paypal.com/v1/oauth2/token. {"error":"invalid_client","error_description":"Client Authentication failed"}
[06-04-2024 14:37:11] PayPal\Core\PayPalHttpConnection : DEBUG: 

================================================================================================================================

